This file contains any messages produced by compilers while
running configure, to aid debugging if configure makes a mistake.

It was created by echam configure 5.4.02, which was
generated by GNU Autoconf 2.61.  Invocation command line was

  $ ./configure 

## --------- ##
## Platform. ##
## --------- ##

hostname = u-003-scfe03.uni-tuebingen.de
uname -m = x86_64
uname -r = 2.6.18-308.11.1.el5
uname -s = Linux
uname -v = #1 SMP Tue Jul 10 12:43:34 EDT 2012

/usr/bin/uname -p = unknown
/bin/uname -X     = unknown

/bin/arch              = x86_64
/usr/bin/arch -k       = unknown
/usr/convex/getsysinfo = unknown
/usr/bin/hostinfo      = unknown
/bin/machine           = unknown
/usr/bin/oslevel       = unknown
/bin/universe          = unknown

PATH: /opt/bwgrid/lib/netcdf/lib-netcdf-4.2.1.1_c-openmpi-1.4.3-gnu-4.1/bin
PATH: /opt/bwgrid/lib/netcdf/lib-netcdf-4.2.1.1_c-openmpi-1.4.3-gnu-4.1/share/bin
PATH: /opt/bwgrid/lib/netcdf/lib-netcdf-4.2_fortran-openmpi-1.4.3-gnu-4.1/bin
PATH: /opt/bwgrid/lib/netcdf/lib-netcdf-4.2_fortran-openmpi-1.4.3-gnu-4.1/share/bin
PATH: /opt/bwgrid/lib/netcdf/lib-netcdf-4.2_cxx4-openmpi-1.4.3-gnu-4.1/bin
PATH: /opt/bwgrid/lib/netcdf/lib-netcdf-4.2_cxx4-openmpi-1.4.3-gnu-4.1/share/bin
PATH: /opt/bwgrid/mpi/openmpi/1.4.3-gnu-4.1/bin
PATH: /opt/bwgrid/bwstue/pgi/11.3/linux86-64/2011/mpi/mpich/bin
PATH: /opt/bwgrid/bwstue/pgi/11.3/linux86-64/11.3/bin
PATH: /opt/bwgrid/compiler/intel/cs_2011.5.220/composerxe-2011.5.220/bin/intel64
PATH: /opt/system/moab/7.1.1/bin
PATH: /usr/lib64/qt-3.3/bin
PATH: /opt/bwgrid/local/bin
PATH: /usr/kerberos/bin
PATH: /usr/local/bin
PATH: /bin
PATH: /usr/bin
PATH: /home-link/epifm01/bin
PATH: /home-link/epifm01/applications/joe/joe-3.7


## ----------- ##
## Core tests. ##
## ----------- ##

configure:1769: checking build system type
configure:1787: result: x86_64-unknown-linux-gnu
configure:1809: checking host system type
configure:1824: result: x86_64-unknown-linux-gnu
configure:1846: checking target system type
configure:1861: result: x86_64-unknown-linux-gnu
configure:1935: checking for machine dependent configuration
configure:1986: result: config/mh-linux-x64
configure:1999: checking for f95
configure:2026: result: ifort 
configure:2080: checking for ranlib
configure:2096: found /usr/bin/ranlib
configure:2107: result: ranlib
configure:2136: checking for perl
configure:2156: found /usr/bin/perl
configure:2169: result: /usr/bin/perl
configure:2179: checking for gmake
configure:2199: found /usr/bin/gmake
configure:2212: result: /usr/bin/gmake
configure:2274: checking for gcc
configure:2301: result: icc 
configure:2539: checking for C compiler version
configure:2546: icc  --version >&5
icc (ICC) 12.0.5 20110719
Copyright (C) 1985-2011 Intel Corporation.  All rights reserved.

configure:2549: $? = 0
configure:2556: icc  -v >&5
Version 12.0.5
configure:2559: $? = 0
configure:2566: icc  -V >&5
Intel(R) C Intel(R) 64 Compiler XE for applications running on Intel(R) 64, Version 12.0.5.220 Build 20110719
Copyright (C) 1985-2011 Intel Corporation.  All rights reserved.

configure:2569: $? = 0
configure:2592: checking for C compiler default output file name
configure:2619: icc  -O -DpgiFortran   conftest.c  >&5
configure:2622: $? = 0
configure:2660: result: a.out
configure:2677: checking whether the C compiler works
configure:2687: ./a.out
configure:2690: $? = 0
configure:2707: result: yes
configure:2714: checking whether we are cross compiling
configure:2716: result: no
configure:2719: checking for suffix of executables
configure:2726: icc  -o conftest -O -DpgiFortran   conftest.c  >&5
configure:2729: $? = 0
configure:2753: result: 
configure:2759: checking for suffix of object files
configure:2785: icc  -c -O -DpgiFortran  conftest.c >&5
configure:2788: $? = 0
configure:2811: result: o
configure:2815: checking whether we are using the GNU C compiler
configure:2844: icc  -c -O -DpgiFortran  conftest.c >&5
configure:2850: $? = 0
configure:2867: result: yes
configure:2872: checking whether icc  accepts -g
configure:2902: icc  -c -g  conftest.c >&5
configure:2908: $? = 0
configure:3007: result: yes
configure:3024: checking for icc  option to accept ISO C89
configure:3098: icc   -c -O -DpgiFortran  conftest.c >&5
configure:3104: $? = 0
configure:3127: result: none needed
configure:3152: checking for /home-link/epifm01/NETCDFROOTsymbolic/include/netcdf.inc
configure:3168: result: yes
configure:3212: checking for /opt/bwgrid/mpi/openmpi/1.4.3-intel-12.0/include/mpif.h
configure:3228: result: yes
configure:3270: checking how to run the C preprocessor
configure:3310: icc  -E  conftest.c
configure:3316: $? = 0
configure:3347: icc  -E  conftest.c
conftest.c(8): error #2379: cannot open source file "ac_nonexistent.h"
  #include <ac_nonexistent.h>
                             ^

configure:3353: $? = 2
configure: failed program was:
| /* confdefs.h.  */
| #define PACKAGE_NAME "echam"
| #define PACKAGE_TARNAME "echam-5.4.02"
| #define PACKAGE_VERSION "5.4.02"
| #define PACKAGE_STRING "echam 5.4.02"
| #define PACKAGE_BUGREPORT "uwe.schulzweida@zmaw.de"
| /* end confdefs.h.  */
| #include <ac_nonexistent.h>
configure:3386: result: icc  -E
configure:3415: icc  -E  conftest.c
configure:3421: $? = 0
configure:3452: icc  -E  conftest.c
conftest.c(8): error #2379: cannot open source file "ac_nonexistent.h"
  #include <ac_nonexistent.h>
                             ^

configure:3458: $? = 2
configure: failed program was:
| /* confdefs.h.  */
| #define PACKAGE_NAME "echam"
| #define PACKAGE_TARNAME "echam-5.4.02"
| #define PACKAGE_VERSION "5.4.02"
| #define PACKAGE_STRING "echam 5.4.02"
| #define PACKAGE_BUGREPORT "uwe.schulzweida@zmaw.de"
| /* end confdefs.h.  */
| #include <ac_nonexistent.h>
configure:3496: checking for grep that handles long lines and -e
configure:3570: result: /bin/grep
configure:3575: checking for egrep
configure:3653: result: /bin/grep -E
configure:3658: checking for ANSI C header files
configure:3688: icc  -c -O -DpgiFortran  conftest.c >&5
configure:3694: $? = 0
configure:3793: icc  -o conftest -O -DpgiFortran   conftest.c  >&5
configure:3796: $? = 0
configure:3802: ./conftest
configure:3805: $? = 0
configure:3822: result: yes
configure:3846: checking for sys/types.h
configure:3867: icc  -c -O -DpgiFortran  conftest.c >&5
configure:3873: $? = 0
configure:3889: result: yes
configure:3846: checking for sys/stat.h
configure:3867: icc  -c -O -DpgiFortran  conftest.c >&5
configure:3873: $? = 0
configure:3889: result: yes
configure:3846: checking for stdlib.h
configure:3867: icc  -c -O -DpgiFortran  conftest.c >&5
configure:3873: $? = 0
configure:3889: result: yes
configure:3846: checking for string.h
configure:3867: icc  -c -O -DpgiFortran  conftest.c >&5
configure:3873: $? = 0
configure:3889: result: yes
configure:3846: checking for memory.h
configure:3867: icc  -c -O -DpgiFortran  conftest.c >&5
configure:3873: $? = 0
configure:3889: result: yes
configure:3846: checking for strings.h
configure:3867: icc  -c -O -DpgiFortran  conftest.c >&5
configure:3873: $? = 0
configure:3889: result: yes
configure:3846: checking for inttypes.h
configure:3867: icc  -c -O -DpgiFortran  conftest.c >&5
configure:3873: $? = 0
configure:3889: result: yes
configure:3846: checking for stdint.h
configure:3867: icc  -c -O -DpgiFortran  conftest.c >&5
configure:3873: $? = 0
configure:3889: result: yes
configure:3846: checking for unistd.h
configure:3867: icc  -c -O -DpgiFortran  conftest.c >&5
configure:3873: $? = 0
configure:3889: result: yes
configure:3928: checking fcntl.h usability
configure:3945: icc  -c -O -DpgiFortran  conftest.c >&5
configure:3951: $? = 0
configure:3965: result: yes
configure:3969: checking fcntl.h presence
configure:3984: icc  -E  conftest.c
configure:3990: $? = 0
configure:4004: result: yes
configure:4037: checking for fcntl.h
configure:4045: result: yes
configure:3928: checking fortran.h usability
configure:3945: icc  -c -O -DpgiFortran  conftest.c >&5
conftest.c(52): catastrophic error: cannot open source file "fortran.h"
  #include <fortran.h>
                      ^

compilation aborted for conftest.c (code 4)
configure:3951: $? = 4
configure: failed program was:
| /* confdefs.h.  */
| #define PACKAGE_NAME "echam"
| #define PACKAGE_TARNAME "echam-5.4.02"
| #define PACKAGE_VERSION "5.4.02"
| #define PACKAGE_STRING "echam 5.4.02"
| #define PACKAGE_BUGREPORT "uwe.schulzweida@zmaw.de"
| #define STDC_HEADERS 1
| #define HAVE_SYS_TYPES_H 1
| #define HAVE_SYS_STAT_H 1
| #define HAVE_STDLIB_H 1
| #define HAVE_STRING_H 1
| #define HAVE_MEMORY_H 1
| #define HAVE_STRINGS_H 1
| #define HAVE_INTTYPES_H 1
| #define HAVE_STDINT_H 1
| #define HAVE_UNISTD_H 1
| #define HAVE_FCNTL_H 1
| /* end confdefs.h.  */
| #include <stdio.h>
| #ifdef HAVE_SYS_TYPES_H
| # include <sys/types.h>
| #endif
| #ifdef HAVE_SYS_STAT_H
| # include <sys/stat.h>
| #endif
| #ifdef STDC_HEADERS
| # include <stdlib.h>
| # include <stddef.h>
| #else
| # ifdef HAVE_STDLIB_H
| #  include <stdlib.h>
| # endif
| #endif
| #ifdef HAVE_STRING_H
| # if !defined STDC_HEADERS && defined HAVE_MEMORY_H
| #  include <memory.h>
| # endif
| # include <string.h>
| #endif
| #ifdef HAVE_STRINGS_H
| # include <strings.h>
| #endif
| #ifdef HAVE_INTTYPES_H
| # include <inttypes.h>
| #endif
| #ifdef HAVE_STDINT_H
| # include <stdint.h>
| #endif
| #ifdef HAVE_UNISTD_H
| # include <unistd.h>
| #endif
| #include <fortran.h>
configure:3965: result: no
configure:3969: checking fortran.h presence
configure:3984: icc  -E  conftest.c
conftest.c(19): error #2379: cannot open source file "fortran.h"
  #include <fortran.h>
                      ^

configure:3990: $? = 2
configure: failed program was:
| /* confdefs.h.  */
| #define PACKAGE_NAME "echam"
| #define PACKAGE_TARNAME "echam-5.4.02"
| #define PACKAGE_VERSION "5.4.02"
| #define PACKAGE_STRING "echam 5.4.02"
| #define PACKAGE_BUGREPORT "uwe.schulzweida@zmaw.de"
| #define STDC_HEADERS 1
| #define HAVE_SYS_TYPES_H 1
| #define HAVE_SYS_STAT_H 1
| #define HAVE_STDLIB_H 1
| #define HAVE_STRING_H 1
| #define HAVE_MEMORY_H 1
| #define HAVE_STRINGS_H 1
| #define HAVE_INTTYPES_H 1
| #define HAVE_STDINT_H 1
| #define HAVE_UNISTD_H 1
| #define HAVE_FCNTL_H 1
| /* end confdefs.h.  */
| #include <fortran.h>
configure:4004: result: no
configure:4037: checking for fortran.h
configure:4045: result: no
configure:3928: checking limits.h usability
configure:3945: icc  -c -O -DpgiFortran  conftest.c >&5
configure:3951: $? = 0
configure:3965: result: yes
configure:3969: checking limits.h presence
configure:3984: icc  -E  conftest.c
configure:3990: $? = 0
configure:4004: result: yes
configure:4037: checking for limits.h
configure:4045: result: yes
configure:3928: checking malloc.h usability
configure:3945: icc  -c -O -DpgiFortran  conftest.c >&5
configure:3951: $? = 0
configure:3965: result: yes
configure:3969: checking malloc.h presence
configure:3984: icc  -E  conftest.c
configure:3990: $? = 0
configure:4004: result: yes
configure:4037: checking for malloc.h
configure:4045: result: yes
configure:3928: checking netdb.h usability
configure:3945: icc  -c -O -DpgiFortran  conftest.c >&5
configure:3951: $? = 0
configure:3965: result: yes
configure:3969: checking netdb.h presence
configure:3984: icc  -E  conftest.c
configure:3990: $? = 0
configure:4004: result: yes
configure:4037: checking for netdb.h
configure:4045: result: yes
configure:3928: checking pwd.h usability
configure:3945: icc  -c -O -DpgiFortran  conftest.c >&5
configure:3951: $? = 0
configure:3965: result: yes
configure:3969: checking pwd.h presence
configure:3984: icc  -E  conftest.c
configure:3990: $? = 0
configure:4004: result: yes
configure:4037: checking for pwd.h
configure:4045: result: yes
configure:3918: checking for unistd.h
configure:3924: result: yes
configure:3928: checking execinfo.h usability
configure:3945: icc  -c -O -DpgiFortran  conftest.c >&5
configure:3951: $? = 0
configure:3965: result: yes
configure:3969: checking execinfo.h presence
configure:3984: icc  -E  conftest.c
configure:3990: $? = 0
configure:4004: result: yes
configure:4037: checking for execinfo.h
configure:4045: result: yes
configure:3928: checking ucontext.h usability
configure:3945: icc  -c -O -DpgiFortran  conftest.c >&5
configure:3951: $? = 0
configure:3965: result: yes
configure:3969: checking ucontext.h presence
configure:3984: icc  -E  conftest.c
configure:3990: $? = 0
configure:4004: result: yes
configure:4037: checking for ucontext.h
configure:4045: result: yes
configure:3928: checking sys/param.h usability
configure:3945: icc  -c -O -DpgiFortran  conftest.c >&5
configure:3951: $? = 0
configure:3965: result: yes
configure:3969: checking sys/param.h presence
configure:3984: icc  -E  conftest.c
configure:3990: $? = 0
configure:4004: result: yes
configure:4037: checking for sys/param.h
configure:4045: result: yes
configure:3928: checking sys/time.h usability
configure:3945: icc  -c -O -DpgiFortran  conftest.c >&5
configure:3951: $? = 0
configure:3965: result: yes
configure:3969: checking sys/time.h presence
configure:3984: icc  -E  conftest.c
configure:3990: $? = 0
configure:4004: result: yes
configure:4037: checking for sys/time.h
configure:4045: result: yes
configure:3928: checking sys/unistd.h usability
configure:3945: icc  -c -O -DpgiFortran  conftest.c >&5
configure:3951: $? = 0
configure:3965: result: yes
configure:3969: checking sys/unistd.h presence
configure:3984: icc  -E  conftest.c
configure:3990: $? = 0
configure:4004: result: yes
configure:4037: checking for sys/unistd.h
configure:4045: result: yes
configure:3928: checking sys/utsname.h usability
configure:3945: icc  -c -O -DpgiFortran  conftest.c >&5
configure:3951: $? = 0
configure:3965: result: yes
configure:3969: checking sys/utsname.h presence
configure:3984: icc  -E  conftest.c
configure:3990: $? = 0
configure:4004: result: yes
configure:4037: checking for sys/utsname.h
configure:4045: result: yes
configure:4059: checking for an ANSI C-conforming const
configure:4134: icc  -c -O -DpgiFortran  conftest.c >&5
conftest.c(59): warning #592: variable "t" is used before its value is set
      *t++ = 0;
       ^

conftest.c(75): warning #592: variable "b" is used before its value is set
      struct s *b; b->j = 5;
                   ^

conftest.c(81): warning #592: variable "cs" is used before its value is set
    return !cs[0] && !zero.x;
            ^

configure:4140: $? = 0
configure:4155: result: yes
configure:4165: checking whether time.h and sys/time.h may both be included
configure:4195: icc  -c -O -DpgiFortran  conftest.c >&5
conftest.c(37): warning #279: controlling expression is constant
  if ((struct tm *) 0)
      ^

configure:4201: $? = 0
configure:4216: result: yes
configure:4235: checking for getrusage
configure:4291: icc  -o conftest -O -DpgiFortran   conftest.c  >&5
configure:4297: $? = 0
configure:4315: result: yes
configure:4235: checking for gettimeofday
configure:4291: icc  -o conftest -O -DpgiFortran   conftest.c  >&5
configure:4297: $? = 0
configure:4315: result: yes
configure:4235: checking for sysconf
configure:4291: icc  -o conftest -O -DpgiFortran   conftest.c  >&5
configure:4297: $? = 0
configure:4315: result: yes
configure:4235: checking for uname
configure:4291: icc  -o conftest -O -DpgiFortran   conftest.c  >&5
configure:4297: $? = 0
configure:4315: result: yes
configure:4235: checking for valloc
configure:4291: icc  -o conftest -O -DpgiFortran   conftest.c  >&5
configure:4297: $? = 0
configure:4315: result: yes
configure:4327: checking whether byte ordering is bigendian
configure:4360: icc  -c -O -DpgiFortran  conftest.c >&5
configure:4366: $? = 0
configure:4398: icc  -c -O -DpgiFortran  conftest.c >&5
conftest.c(43): error: identifier "not" is undefined
   not big endian
   ^

conftest.c(43): error: expected a ";"
   not big endian
           ^

conftest.c(46): warning #12: parsing restarts here after previous syntax error
    ;
    ^

compilation aborted for conftest.c (code 2)
configure:4404: $? = 2
configure: failed program was:
| /* confdefs.h.  */
| #define PACKAGE_NAME "echam"
| #define PACKAGE_TARNAME "echam-5.4.02"
| #define PACKAGE_VERSION "5.4.02"
| #define PACKAGE_STRING "echam 5.4.02"
| #define PACKAGE_BUGREPORT "uwe.schulzweida@zmaw.de"
| #define STDC_HEADERS 1
| #define HAVE_SYS_TYPES_H 1
| #define HAVE_SYS_STAT_H 1
| #define HAVE_STDLIB_H 1
| #define HAVE_STRING_H 1
| #define HAVE_MEMORY_H 1
| #define HAVE_STRINGS_H 1
| #define HAVE_INTTYPES_H 1
| #define HAVE_STDINT_H 1
| #define HAVE_UNISTD_H 1
| #define HAVE_FCNTL_H 1
| #define HAVE_LIMITS_H 1
| #define HAVE_MALLOC_H 1
| #define HAVE_NETDB_H 1
| #define HAVE_PWD_H 1
| #define HAVE_UNISTD_H 1
| #define HAVE_EXECINFO_H 1
| #define HAVE_UCONTEXT_H 1
| #define HAVE_SYS_PARAM_H 1
| #define HAVE_SYS_TIME_H 1
| #define HAVE_SYS_UNISTD_H 1
| #define HAVE_SYS_UTSNAME_H 1
| #define TIME_WITH_SYS_TIME 1
| #define HAVE_GETRUSAGE 1
| #define HAVE_GETTIMEOFDAY 1
| #define HAVE_SYSCONF 1
| #define HAVE_UNAME 1
| #define HAVE_VALLOC 1
| /* end confdefs.h.  */
| #include <sys/types.h>
| #include <sys/param.h>
| 
| int
| main ()
| {
| #if BYTE_ORDER != BIG_ENDIAN
|  not big endian
| #endif
| 
|   ;
|   return 0;
| }
configure:4544: result: no
configure:4565: checking for char
configure:4595: icc  -c -O -DpgiFortran  conftest.c >&5
conftest.c(73): warning #279: controlling expression is constant
  if ((ac__type_new_ *) 0)
      ^

configure:4601: $? = 0
configure:4616: result: yes
configure:4623: checking size of char
configure:4925: icc  -o conftest -O -DpgiFortran   conftest.c  >&5
configure:4928: $? = 0
configure:4934: ./conftest
configure:4937: $? = 0
configure:4960: result: 1
configure:4970: checking for short
configure:5000: icc  -c -O -DpgiFortran  conftest.c >&5
conftest.c(74): warning #279: controlling expression is constant
  if ((ac__type_new_ *) 0)
      ^

configure:5006: $? = 0
configure:5021: result: yes
configure:5028: checking size of short
configure:5330: icc  -o conftest -O -DpgiFortran   conftest.c  >&5
configure:5333: $? = 0
configure:5339: ./conftest
configure:5342: $? = 0
configure:5365: result: 2
configure:5375: checking for int
configure:5405: icc  -c -O -DpgiFortran  conftest.c >&5
conftest.c(75): warning #279: controlling expression is constant
  if ((ac__type_new_ *) 0)
      ^

configure:5411: $? = 0
configure:5426: result: yes
configure:5433: checking size of int
configure:5735: icc  -o conftest -O -DpgiFortran   conftest.c  >&5
configure:5738: $? = 0
configure:5744: ./conftest
configure:5747: $? = 0
configure:5770: result: 4
configure:5780: checking for long
configure:5810: icc  -c -O -DpgiFortran  conftest.c >&5
conftest.c(76): warning #279: controlling expression is constant
  if ((ac__type_new_ *) 0)
      ^

configure:5816: $? = 0
configure:5831: result: yes
configure:5838: checking size of long
configure:6140: icc  -o conftest -O -DpgiFortran   conftest.c  >&5
configure:6143: $? = 0
configure:6149: ./conftest
configure:6152: $? = 0
configure:6175: result: 8
configure:6185: checking for long long
configure:6215: icc  -c -O -DpgiFortran  conftest.c >&5
conftest.c(77): warning #279: controlling expression is constant
  if ((ac__type_new_ *) 0)
      ^

configure:6221: $? = 0
configure:6236: result: yes
configure:6243: checking size of long long
configure:6545: icc  -o conftest -O -DpgiFortran   conftest.c  >&5
configure:6548: $? = 0
configure:6554: ./conftest
configure:6557: $? = 0
configure:6580: result: 8
configure:6590: checking for float
configure:6620: icc  -c -O -DpgiFortran  conftest.c >&5
conftest.c(78): warning #279: controlling expression is constant
  if ((ac__type_new_ *) 0)
      ^

configure:6626: $? = 0
configure:6641: result: yes
configure:6648: checking size of float
configure:6950: icc  -o conftest -O -DpgiFortran   conftest.c  >&5
configure:6953: $? = 0
configure:6959: ./conftest
configure:6962: $? = 0
configure:6985: result: 4
configure:6995: checking for double
configure:7025: icc  -c -O -DpgiFortran  conftest.c >&5
conftest.c(79): warning #279: controlling expression is constant
  if ((ac__type_new_ *) 0)
      ^

configure:7031: $? = 0
configure:7046: result: yes
configure:7053: checking size of double
configure:7355: icc  -o conftest -O -DpgiFortran   conftest.c  >&5
configure:7358: $? = 0
configure:7364: ./conftest
configure:7367: $? = 0
configure:7390: result: 8
configure:7400: checking for long double
configure:7430: icc  -c -O -DpgiFortran  conftest.c >&5
conftest.c(80): warning #279: controlling expression is constant
  if ((ac__type_new_ *) 0)
      ^

configure:7436: $? = 0
configure:7451: result: yes
configure:7458: checking size of long double
configure:7760: icc  -o conftest -O -DpgiFortran   conftest.c  >&5
configure:7763: $? = 0
configure:7769: ./conftest
configure:7772: $? = 0
configure:7795: result: 16
configure:7805: checking for int *
configure:7835: icc  -c -O -DpgiFortran  conftest.c >&5
conftest.c(81): warning #279: controlling expression is constant
  if ((ac__type_new_ *) 0)
      ^

configure:7841: $? = 0
configure:7856: result: yes
configure:7863: checking size of int *
configure:8165: icc  -o conftest -O -DpgiFortran   conftest.c  >&5
configure:8168: $? = 0
configure:8174: ./conftest
configure:8177: $? = 0
configure:8200: result: 8
configure:8223: checking for integer*1
configure:8239: result: yes
configure:8243: checking for integer*2
configure:8259: result: yes
configure:8263: checking for integer*4
configure:8279: result: yes
configure:8283: checking for integer*8
configure:8299: result: yes
configure:8303: checking for integer*16
configure:8313: result: no
configure:8323: checking for real*4
configure:8339: result: yes
configure:8343: checking for real*8
configure:8359: result: yes
configure:8363: checking for real*16
configure:8379: result: yes
configure:8383: checking for double complex
configure:8399: result: yes
configure:8403: checking for complex*8
configure:8419: result: yes
configure:8423: checking for complex*16
configure:8439: result: yes
configure:8443: checking for complex*32
configure:8459: result: yes
configure:8571: checking for Fortran INTEGER*1
configure:8581: result: found
configure:8571: checking for Fortran INTEGER*2
configure:8581: result: found
configure:8571: checking for Fortran INTEGER*4
configure:8581: result: found
configure:8571: checking for Fortran INTEGER*8
configure:8581: result: found
configure:8571: checking for Fortran INTEGER*16
configure:8590: result: not supported
configure:8600: checking for Fortran REAL*4 and COMPLEX*8
configure:8620: result: found
configure:8600: checking for Fortran REAL*8 and COMPLEX*16
configure:8620: result: found
configure:8600: checking for Fortran REAL*16 and COMPLEX*32
configure:8630: result: not supported
configure:8635: checking for Fortran INTEGER
configure:8644: result: found
configure:8657: checking for Fortran REAL
configure:8666: result: found
configure:8954: creating ./config.status

## ---------------------- ##
## Running config.status. ##
## ---------------------- ##

This file was extended by echam config.status 5.4.02, which was
generated by GNU Autoconf 2.61.  Invocation command line was

  CONFIG_FILES    = 
  CONFIG_HEADERS  = 
  CONFIG_LINKS    = 
  CONFIG_COMMANDS = 
  $ ./config.status 

on u-003-scfe03.uni-tuebingen.de

config.status:622: creating Makefile
config.status:753: WARNING:  Makefile.in seems to ignore the --datarootdir setting
config.status:622: creating config/config.h
configure:10082: creating ./config.status

## ---------------------- ##
## Running config.status. ##
## ---------------------- ##

This file was extended by echam config.status 5.4.02, which was
generated by GNU Autoconf 2.61.  Invocation command line was

  CONFIG_FILES    = 
  CONFIG_HEADERS  = 
  CONFIG_LINKS    = 
  CONFIG_COMMANDS = 
  $ ./config.status 

on u-003-scfe03.uni-tuebingen.de

config.status:623: creating Makefile
config.status:754: WARNING:  Makefile.in seems to ignore the --datarootdir setting
config.status:623: creating util/f2html.pl
config.status:623: creating util/F2f.pl
config.status:623: creating util/f2F.pl
config.status:623: creating util/createMakefiles.pl
config.status:623: creating config/config.h
config.status:887: config/config.h is unchanged

## ---------------- ##
## Cache variables. ##
## ---------------- ##

ac_cv_build=x86_64-unknown-linux-gnu
ac_cv_c_bigendian=no
ac_cv_c_compiler_gnu=yes
ac_cv_c_const=yes
ac_cv_env_CC_set=
ac_cv_env_CC_value=
ac_cv_env_CFLAGS_set=
ac_cv_env_CFLAGS_value=
ac_cv_env_CPPFLAGS_set=
ac_cv_env_CPPFLAGS_value=
ac_cv_env_CPP_set=
ac_cv_env_CPP_value=
ac_cv_env_LDFLAGS_set=
ac_cv_env_LDFLAGS_value=
ac_cv_env_LIBS_set=
ac_cv_env_LIBS_value=
ac_cv_env_build_alias_set=
ac_cv_env_build_alias_value=
ac_cv_env_host_alias_set=
ac_cv_env_host_alias_value=
ac_cv_env_target_alias_set=
ac_cv_env_target_alias_value=
ac_cv_file__home_link_epifm01_NETCDFROOTsymbolic_include_netcdf_inc=yes
ac_cv_file__opt_bwgrid_mpi_openmpi_1_4_3_intel_12_0_include_mpif_h=yes
ac_cv_func_getrusage=yes
ac_cv_func_gettimeofday=yes
ac_cv_func_sysconf=yes
ac_cv_func_uname=yes
ac_cv_func_valloc=yes
ac_cv_header_execinfo_h=yes
ac_cv_header_fcntl_h=yes
ac_cv_header_fortran_h=no
ac_cv_header_inttypes_h=yes
ac_cv_header_limits_h=yes
ac_cv_header_malloc_h=yes
ac_cv_header_memory_h=yes
ac_cv_header_netdb_h=yes
ac_cv_header_pwd_h=yes
ac_cv_header_stdc=yes
ac_cv_header_stdint_h=yes
ac_cv_header_stdlib_h=yes
ac_cv_header_string_h=yes
ac_cv_header_strings_h=yes
ac_cv_header_sys_param_h=yes
ac_cv_header_sys_stat_h=yes
ac_cv_header_sys_time_h=yes
ac_cv_header_sys_types_h=yes
ac_cv_header_sys_unistd_h=yes
ac_cv_header_sys_utsname_h=yes
ac_cv_header_time=yes
ac_cv_header_ucontext_h=yes
ac_cv_header_unistd_h=yes
ac_cv_host=x86_64-unknown-linux-gnu
ac_cv_objext=o
ac_cv_path_EGREP='/bin/grep -E'
ac_cv_path_GMAKE=/usr/bin/gmake
ac_cv_path_GREP=/bin/grep
ac_cv_path_PERL=/usr/bin/perl
ac_cv_prog_CPP='icc  -E'
ac_cv_prog_F90='ifort '
ac_cv_prog_ac_ct_CC='icc '
ac_cv_prog_ac_ct_RANLIB=ranlib
ac_cv_prog_cc_c89=
ac_cv_prog_cc_g=yes
ac_cv_sizeof_char=1
ac_cv_sizeof_double=8
ac_cv_sizeof_float=4
ac_cv_sizeof_int=4
ac_cv_sizeof_int_p=8
ac_cv_sizeof_long=8
ac_cv_sizeof_long_double=16
ac_cv_sizeof_long_long=8
ac_cv_sizeof_short=2
ac_cv_target=x86_64-unknown-linux-gnu
ac_cv_type_char=yes
ac_cv_type_double=yes
ac_cv_type_float=yes
ac_cv_type_int=yes
ac_cv_type_int_p=yes
ac_cv_type_long=yes
ac_cv_type_long_double=yes
ac_cv_type_long_long=yes
ac_cv_type_short=yes

## ----------------- ##
## Output variables. ##
## ----------------- ##

AR='ar'
ARCH='LINUX'
ARFLAGS='crv'
AS='as'
CC='icc '
CFLAGS='-O -DpgiFortran'
CPP='icc  -E'
CPPFLAGS=''
DEFS='-DHAVE_CONFIG_H'
ECHO_C=''
ECHO_N='-n'
ECHO_T=''
EGREP='/bin/grep -E'
EXEEXT=''
F90='ifort '
F90FLAGS='-mieee-fp -O3 -ip -g -fpp -DHAVE_LIBNETCDF64'
FFLAGS='-mieee-fp -O3 -ip -g '
GMAKE='/usr/bin/gmake'
GREP='/bin/grep'
LDFLAGS='-mieee-fp -O3 -ip -g -fpp -DHAVE_LIBNETCDF64'
LIBOBJS=''
LIBS='-L../lib -lsupport -L/opt/bwgrid/numlib/lapack/3.3.1/lib -llapack -lblas -L/opt/bwgrid/lib/netcdf/lib-netcdf-4.2.1.1_c-openmpi-1.4.3-gnu-4.1/lib -lnetcdf -L/opt/bwgrid/lib/netcdf/lib-netcdf-4.2_fortran-openmpi-1.4.3-gnu-4.1/lib -lnetcdff -L/opt/bwgrid/compiler/intel/cs_2011.5.220/composerxe-2011.5.220/compiler/lib/intel64/ -limf -lm'
LTLIBOBJS=''
MODOPT='-I'
MPI=''
MPIROOT='/opt/bwgrid/mpi/openmpi/1.4.3-intel-12.0'
MPI_INCLUDE='$(MODOPT)$(MPIROOT)/lib'
MPI_LIB='-L$(MPIROOT)/lib -lmpi_f90 -lmpi_f77 -lmpi -lopen-rte -lopen-pal '
NETCDFROOT='/home-link/epifm01/NETCDFROOTsymbolic'
NETCDF_INCLUDE='-I$(NETCDFROOT)/include'
NETCDF_LIB='-L$(NETCDFROOT)/lib -lnetcdf'
OBJEXT='o'
PACKAGE_BUGREPORT='uwe.schulzweida@zmaw.de'
PACKAGE_NAME='echam'
PACKAGE_STRING='echam 5.4.02'
PACKAGE_TARNAME='echam-5.4.02'
PACKAGE_VERSION='5.4.02'
PATH_SEPARATOR=':'
PERL='/usr/bin/perl'
RANLIB='ranlib'
SHELL='/bin/sh'
SRCDIRS=''
ac_ct_CC='icc '
bindir='${exec_prefix}/bin'
build='x86_64-unknown-linux-gnu'
build_alias=''
build_cpu='x86_64'
build_os='linux-gnu'
build_vendor='unknown'
datadir='${datarootdir}'
datarootdir='${prefix}/share'
docdir='${datarootdir}/doc/${PACKAGE_TARNAME}'
dvidir='${docdir}'
exec_prefix='${prefix}'
host='x86_64-unknown-linux-gnu'
host_alias=''
host_cpu='x86_64'
host_os='linux-gnu'
host_vendor='unknown'
htmldir='${docdir}'
includedir='${prefix}/include'
infodir='${datarootdir}/info'
libdir='${exec_prefix}/lib'
libexecdir='${exec_prefix}/libexec'
localedir='${datarootdir}/locale'
localstatedir='${prefix}/var'
mandir='${datarootdir}/man'
oldincludedir='/usr/include'
pdfdir='${docdir}'
prefix='.'
program_transform_name='s,x,x,'
psdir='${docdir}'
sbindir='${exec_prefix}/sbin'
sharedstatedir='${prefix}/com'
sysconfdir='${prefix}/etc'
target='x86_64-unknown-linux-gnu'
target_alias=''
target_cpu='x86_64'
target_os='linux-gnu'
target_vendor='unknown'

## ----------- ##
## confdefs.h. ##
## ----------- ##

#define PACKAGE_NAME "echam"
#define PACKAGE_TARNAME "echam-5.4.02"
#define PACKAGE_VERSION "5.4.02"
#define PACKAGE_STRING "echam 5.4.02"
#define PACKAGE_BUGREPORT "uwe.schulzweida@zmaw.de"
#define STDC_HEADERS 1
#define HAVE_SYS_TYPES_H 1
#define HAVE_SYS_STAT_H 1
#define HAVE_STDLIB_H 1
#define HAVE_STRING_H 1
#define HAVE_MEMORY_H 1
#define HAVE_STRINGS_H 1
#define HAVE_INTTYPES_H 1
#define HAVE_STDINT_H 1
#define HAVE_UNISTD_H 1
#define HAVE_FCNTL_H 1
#define HAVE_LIMITS_H 1
#define HAVE_MALLOC_H 1
#define HAVE_NETDB_H 1
#define HAVE_PWD_H 1
#define HAVE_UNISTD_H 1
#define HAVE_EXECINFO_H 1
#define HAVE_UCONTEXT_H 1
#define HAVE_SYS_PARAM_H 1
#define HAVE_SYS_TIME_H 1
#define HAVE_SYS_UNISTD_H 1
#define HAVE_SYS_UTSNAME_H 1
#define TIME_WITH_SYS_TIME 1
#define HAVE_GETRUSAGE 1
#define HAVE_GETTIMEOFDAY 1
#define HAVE_SYSCONF 1
#define HAVE_UNAME 1
#define HAVE_VALLOC 1
#define SIZEOF_CHAR 1
#define SIZEOF_SHORT 2
#define SIZEOF_INT 4
#define SIZEOF_LONG 8
#define SIZEOF_LONG_LONG 8
#define SIZEOF_FLOAT 4
#define SIZEOF_DOUBLE 8
#define SIZEOF_LONG_DOUBLE 16
#define SIZEOF_INT_P 8
#define FORT_INT 6
#define FORT_INT1 1
#define FORT_INT2 4
#define FORT_INT4 6
#define FORT_INT8 13
#define FORT_INT16 0
#define FORT_REAL 11
#define FORT_REAL4 10
#define FORT_REAL8 11
#define FORT_REAL16 0
#define FORT_COMPLEX8 0
#define FORT_COMPLEX16 23
#define FORT_COMPLEX32 0
#define FORT_INTEGER_LEN 4
#define FORT_REAL_LEN 8
#define FORTRANUNDERSCORE 1

configure: exit 0
